Removed Pin From Net: NetName=NetLED1_1 Pin=LED2-1
Removed Pin From Net: NetName=NetLED1_3 Pin=LED2-3
Removed Pin From Net: NetName=NetLED1_4 Pin=LED2-4
Change Component Designator: OldDesignator=U? NewDesignator=U1
Added Component: Designator=R12(1608[0603])
Added Component: Designator=R19(1608[0603])
Added Component: Designator=R20(1608[0603])
Added Pin To Net: NetName=LED_R Pin=R12-1
Added Pin To Net: NetName=LED_G Pin=R19-1
Added Pin To Net: NetName=LED_B Pin=R20-1
Added Pin To Net: NetName=NetLED2_1 Pin=LED2-1
Added Pin To Net: NetName=NetLED2_1 Pin=R12-2
Added Net: Name=NetLED2_1
Added Pin To Net: NetName=NetLED2_3 Pin=LED2-3
Added Pin To Net: NetName=NetLED2_3 Pin=R19-2
Added Net: Name=NetLED2_3
Added Pin To Net: NetName=NetLED2_4 Pin=LED2-4
Added Pin To Net: NetName=NetLED2_4 Pin=R20-2
Added Net: Name=NetLED2_4
Added Member To Class: ClassName=Accessories Member=Component R12 1k
Added Member To Class: ClassName=Accessories Member=Component R19 1k
Added Member To Class: ClassName=Accessories Member=Component R20 1k
Added Room: Name=Accessories
Added Room: Name=CPU
Added Room: Name=Power_supply
Added Room: Name=Touch_panel
